# JRE version: OpenJDK Runtime Environment (17.0.10) (build 17.0.10+0--11609105)
# Java VM: OpenJDK 64-Bit Server VM (17.0.10+0--11609105, mixed mode, tiered, compressed oops, compressed class ptrs, g1 gc, windows-amd64)
GC Precious Log:
 CPUs: 16 total, 16 available
 Memory: 5989M
 Large Page Support: Disabled
 NUMA Support: Disabled
 Compressed Oops: Enabled (32-bit)
 Heap Region Size: 1M
 Heap Min Capacity: 8M
 Heap Initial Capacity: 94M
 Heap Max Capacity: 2G
 Pre-touch: Disabled
 Parallel Workers: 13
 Concurrent Workers: 3
 Concurrent Refinement Workers: 13
 Periodic GC: Disabled
Heap:
 garbage-first heap   total 331776K, used 148388K [0x0000000080000000, 0x0000000100000000)
  region size 1024K, 5 young (5120K), 5 survivors (5120K)
 Metaspace       used 139081K, committed 140288K, reserved 1179648K
  class space    used 19755K, committed 20352K, reserved 1048576K
GC Heap History (20 events):
Event: 244.583 GC heap after
{Heap after GC invocations=57 (full 0):
 garbage-first heap   total 306176K, used 130911K [0x0000000080000000, 0x0000000100000000)
  region size 1024K, 3 young (3072K), 3 survivors (3072K)
 Metaspace       used 133445K, committed 134400K, reserved 1179648K
  class space    used 19288K, committed 19776K, reserved 1048576K
}
Event: 377.416 GC heap before
{Heap before GC invocations=57 (full 0):
 garbage-first heap   total 306176K, used 260959K [0x0000000080000000, 0x0000000100000000)
  region size 1024K, 131 young (134144K), 3 survivors (3072K)
 Metaspace       used 134037K, committed 135040K, reserved 1179648K
  class space    used 19313K, committed 19776K, reserved 1048576K
}
Event: 377.517 GC heap after
{Heap after GC invocations=58 (full 0):
 garbage-first heap   total 306176K, used 133506K [0x0000000080000000, 0x0000000100000000)
  region size 1024K, 5 young (5120K), 5 survivors (5120K)
 Metaspace       used 134037K, committed 135040K, reserved 1179648K
  class space    used 19313K, committed 19776K, reserved 1048576K
}
Event: 445.045 GC heap before
{Heap before GC invocations=59 (full 0):
 garbage-first heap   total 306176K, used 260482K [0x0000000080000000, 0x0000000100000000)
  region size 1024K, 130 young (133120K), 5 survivors (5120K)
 Metaspace       used 134608K, committed 135744K, reserved 1179648K
  class space    used 19360K, committed 19904K, reserved 1048576K
}
Event: 445.101 GC heap after
{Heap after GC invocations=60 (full 0):
 garbage-first heap   total 306176K, used 136526K [0x0000000080000000, 0x0000000100000000)
  region size 1024K, 8 young (8192K), 8 survivors (8192K)
 Metaspace       used 134608K, committed 135744K, reserved 1179648K
  class space    used 19360K, committed 19904K, reserved 1048576K
}
Event: 445.212 GC heap before
{Heap before GC invocations=60 (full 0):
 garbage-first heap   total 306176K, used 141646K [0x0000000080000000, 0x0000000100000000)
  region size 1024K, 14 young (14336K), 8 survivors (8192K)
 Metaspace       used 134614K, committed 135744K, reserved 1179648K
  class space    used 19360K, committed 19904K, reserved 1048576K
}
Event: 445.266 GC heap after
{Heap after GC invocations=61 (full 0):
 garbage-first heap   total 306176K, used 135441K [0x0000000080000000, 0x0000000100000000)
  region size 1024K, 2 young (2048K), 2 survivors (2048K)
 Metaspace       used 134614K, committed 135744K, reserved 1179648K
  class space    used 19360K, committed 19904K, reserved 1048576K
}
Event: 451.636 GC heap before
{Heap before GC invocations=61 (full 0):
 garbage-first heap   total 306176K, used 207121K [0x0000000080000000, 0x0000000100000000)
  region size 1024K, 74 young (75776K), 2 survivors (2048K)
 Metaspace       used 134960K, committed 136064K, reserved 1179648K
  class space    used 19363K, committed 19904K, reserved 1048576K
}
Event: 451.663 GC heap after
{Heap after GC invocations=62 (full 0):
 garbage-first heap   total 306176K, used 139499K [0x0000000080000000, 0x0000000100000000)
  region size 1024K, 6 young (6144K), 6 survivors (6144K)
 Metaspace       used 134960K, committed 136064K, reserved 1179648K
  class space    used 19363K, committed 19904K, reserved 1048576K
}
Event: 682.185 GC heap before
{Heap before GC invocations=63 (full 0):
 garbage-first heap   total 329728K, used 293099K [0x0000000080000000, 0x0000000100000000)
  region size 1024K, 110 young (112640K), 6 survivors (6144K)
 Metaspace       used 135359K, committed 136448K, reserved 1179648K
  class space    used 19383K, committed 19904K, reserved 1048576K
}
Event: 682.307 GC heap after
{Heap after GC invocations=64 (full 0):
 garbage-first heap   total 329728K, used 148202K [0x0000000080000000, 0x0000000100000000)
  region size 1024K, 14 young (14336K), 14 survivors (14336K)
 Metaspace       used 135359K, committed 136448K, reserved 1179648K
  class space    used 19383K, committed 19904K, reserved 1048576K
}
Event: 682.425 GC heap before
{Heap before GC invocations=64 (full 0):
 garbage-first heap   total 329728K, used 150250K [0x0000000080000000, 0x0000000100000000)
  region size 1024K, 16 young (16384K), 14 survivors (14336K)
 Metaspace       used 135364K, committed 136448K, reserved 1179648K
  class space    used 19383K, committed 19904K, reserved 1048576K
}
Event: 682.562 GC heap after
{Heap after GC invocations=65 (full 0):
 garbage-first heap   total 329728K, used 146792K [0x0000000080000000, 0x0000000100000000)
  region size 1024K, 2 young (2048K), 2 survivors (2048K)
 Metaspace       used 135364K, committed 136448K, reserved 1179648K
  class space    used 19383K, committed 19904K, reserved 1048576K
}
Event: 688.640 GC heap before
{Heap before GC invocations=65 (full 0):
 garbage-first heap   total 329728K, used 186728K [0x0000000080000000, 0x0000000100000000)
  region size 1024K, 43 young (44032K), 2 survivors (2048K)
 Metaspace       used 135560K, committed 136640K, reserved 1179648K
  class space    used 19383K, committed 19904K, reserved 1048576K
}
Event: 688.664 GC heap after
{Heap after GC invocations=66 (full 0):
 garbage-first heap   total 329728K, used 146726K [0x0000000080000000, 0x0000000100000000)
  region size 1024K, 2 young (2048K), 2 survivors (2048K)
 Metaspace       used 135560K, committed 136640K, reserved 1179648K
  class space    used 19383K, committed 19904K, reserved 1048576K
}
Event: 893.016 GC heap before
{Heap before GC invocations=67 (full 0):
 garbage-first heap   total 331776K, used 312614K [0x0000000080000000, 0x0000000100000000)
  region size 1024K, 119 young (121856K), 2 survivors (2048K)
 Metaspace       used 137544K, committed 138688K, reserved 1179648K
  class space    used 19570K, committed 20096K, reserved 1048576K
}
Event: 893.075 GC heap after
{Heap after GC invocations=68 (full 0):
 garbage-first heap   total 331776K, used 156370K [0x0000000080000000, 0x0000000100000000)
  region size 1024K, 12 young (12288K), 12 survivors (12288K)
 Metaspace       used 137544K, committed 138688K, reserved 1179648K
  class space    used 19570K, committed 20096K, reserved 1048576K
}
Event: 893.141 GC heap before
{Heap before GC invocations=68 (full 0):
 garbage-first heap   total 331776K, used 160466K [0x0000000080000000, 0x0000000100000000)
  region size 1024K, 16 young (16384K), 12 survivors (12288K)
 Metaspace       used 137549K, committed 138688K, reserved 1179648K
  class space    used 19570K, committed 20096K, reserved 1048576K
}
Event: 893.260 GC heap after
{Heap after GC invocations=69 (full 0):
 garbage-first heap   total 331776K, used 145355K [0x0000000080000000, 0x0000000100000000)
  region size 1024K, 2 young (2048K), 2 survivors (2048K)
 Metaspace       used 137549K, committed 138688K, reserved 1179648K
  class space    used 19570K, committed 20096K, reserved 1048576K
}
Event: 897.498 GC heap before
{Heap before GC invocations=69 (full 0):
 garbage-first heap   total 331776K, used 220107K [0x0000000080000000, 0x0000000100000000)
  region size 1024K, 77 young (78848K), 2 survivors (2048K)
 Metaspace       used 139081K, committed 140288K, reserved 1179648K
  class space    used 19755K, committed 20352K, reserved 1048576K
}

